<?xml version="1.0" encoding="UTF-8"?>
<testsuite xmlns:xsi="http://www.w3.org/2001/XMLSchema-instance" xsi:noNamespaceSchemaLocation="https://maven.apache.org/surefire/maven-surefire-plugin/xsd/surefire-test-report.xsd" name="AccountTest" time="0.025" tests="6" errors="0" skipped="0" failures="0">
  <properties>
[...]
</properties>
  <testcase name="should_return_balnce_of_100_after_deposit_of_100" classname="AccountTest" time="0.018"/>
  <testcase name="should_return_valid_amount_after_withdraw" classname="AccountTest" time="0"/>
  <testcase name="should_transaction_money_between_accounts" classname="AccountTest" time="0.001"/>
  <testcase name="should_not_complete_transaction_exceeding_maximus_debit_of_1000" classname="AccountTest" time="0"/>
  <testcase name="should_not_complete_transaction_with_negative_amoint" classname="AccountTest" time="0.001"/>
  <testcase name="should_return_return_zero_balance_for_new_account" classname="AccountTest" time="0"/>
</testsuite>